

Microchip Technology PIC18 LITE Macro Assembler V1.43 build -156212558 
                                                                                               Thu Nov 23 17:16:37 2017

Microchip Technology Omniscient Code Generator v1.43 (Free mode) build 201707250354
     1                           	processor	18F4520
     2                           	fnconf	rparam,??,?,0
     3                           	opt	pw 120
     4                           	opt	lm
     5                           	psect	cinit,global,reloc=2,class=CODE,delta=1
     6                           	psect	bssCOMRAM,global,class=COMRAM,space=1,delta=1,noexec
     7                           	psect	cstackCOMRAM,global,class=COMRAM,space=1,delta=1,noexec
     8                           	psect	text0,global,reloc=2,class=CODE,delta=1
     9                           	psect	intcode,global,reloc=2,class=CODE,delta=1
    10                           	psect	intcode_body,global,reloc=2,class=CODE,delta=1
    11                           	psect	intsave_regs,global,class=BIGRAM,space=1,delta=1,noexec
    12                           	psect	rparam,global,class=COMRAM,space=1,delta=1,noexec
    13                           	psect	temp,global,ovrld,common,class=COMRAM,space=1,delta=1
    14  0000                     
    15                           ; Version 1.43
    16                           ; Generated 25/07/2017 GMT
    17                           ; 
    18                           ; Copyright © 2017, Microchip Technology Inc. and its subsidiaries ("Microchip")
    19                           ; All rights reserved.
    20                           ; 
    21                           ; This software is developed by Microchip Technology Inc. and its subsidiaries ("Microch
      +                          ip").
    22                           ; 
    23                           ; Redistribution and use in source and binary forms, with or without modification, are
    24                           ; permitted provided that the following conditions are met:
    25                           ; 
    26                           ;     1. Redistributions of source code must retain the above copyright notice, this lis
      +                          t of
    27                           ;        conditions and the following disclaimer.
    28                           ; 
    29                           ;     2. Redistributions in binary form must reproduce the above copyright notice, this 
      +                          list
    30                           ;        of conditions and the following disclaimer in the documentation and/or other
    31                           ;        materials provided with the distribution.
    32                           ; 
    33                           ;     3. Microchip's name may not be used to endorse or promote products derived from th
      +                          is
    34                           ;        software without specific prior written permission.
    35                           ; 
    36                           ; THIS SOFTWARE IS PROVIDED BY MICROCHIP "AS IS" AND ANY EXPRESS OR IMPLIED WARRANTIES,
    37                           ; INCLUDING, BUT NOT LIMITED TO, THE IMPLIED WARRANTIES OF MERCHANTABILITY AND FITNESS F
      +                          OR
    38                           ; PURPOSE ARE DISCLAIMED.  IN NO EVENT SHALL MICROCHIP BE LIABLE FOR ANY DIRECT, INDIREC
      +                          T,
    39                           ; INCIDENTAL, SPECIAL, EXEMPLARY, OR CONSEQUENTIAL DAMAGES (INCLUDING BUT NOT LIMITED TO
    40                           ; PROCUREMENT OF SUBSTITUTE GOODS OR SERVICES; LOSS OF USE, DATA OR PROFITS; OR BUSINESS
    41                           ; INTERRUPTION) HOWSOEVER CAUSED AND ON ANY THEORY OF LIABILITY, WHETHER IN CONTRACT, ST
      +                          RICT
    42                           ; LIABILITY, OR TORT (INCLUDING NEGLIGENCE OR OTHERWISE) ARISING IN ANY WAY OUT OF THE U
      +                          SE OF
    43                           ; THIS SOFTWARE, EVEN IF ADVISED OF THE POSSIBILITY OF SUCH DAMAGE.
    44                           ; 
    45                           ; 
    46                           ; Code-generator required, PIC18F4520 Definitions
    47                           ; 
    48                           ; SFR Addresses
    49  0000                     _LATDbits	set	3980
    50  0000                     _LATD	set	3980
    51  0000                     _TRISD	set	3989
    52  0000                     _TMR1	set	4046
    53  0000                     _PR2	set	4043
    54  0000                     _TMR2	set	4044
    55  0000                     _PIR1bits	set	3998
    56  0000                     _IPR1bits	set	3999
    57  0000                     _PIE1bits	set	3997
    58  0000                     _OSCCONbits	set	4051
    59  0000                     _T2CON	set	4042
    60  0000                     _T1CON	set	4045
    61  0000                     _RCONbits	set	4048
    62  0000                     _TMR2IF	set	31985
    63  0000                     _TMR2IE	set	31977
    64  0000                     _TMR1IF	set	31984
    65  0000                     _TMR1IE	set	31976
    66  0000                     _INTCONbits	set	4082
    67                           
    68                           ; #config settings
    69  0000                     
    70                           	psect	cinit
    71  000116                     __pcinit:
    72                           	opt stack 0
    73  000116                     start_initialization:
    74                           	opt stack 0
    75  000116                     __initialization:
    76                           	opt stack 0
    77                           
    78                           ; Clear objects allocated to COMRAM (2 bytes)
    79  000116  6A14               	clrf	(__pbssCOMRAM+1)& (0+255),c
    80  000118  6A13               	clrf	__pbssCOMRAM& (0+255),c
    81  00011A                     end_of_initialization:
    82                           	opt stack 0
    83  00011A                     __end_of__initialization:
    84                           	opt stack 0
    85  00011A  9015               	bcf	int$flags,0,c	;clear compiler interrupt flag (level 1)
    86  00011C  9215               	bcf	int$flags,1,c	;clear compiler interrupt flag (level 2)
    87  00011E  0100               	movlb	0
    88  000120  EF70  F000         	goto	_main	;jump to C main() function
    89                           
    90                           	psect	bssCOMRAM
    91  000013                     __pbssCOMRAM:
    92                           	opt stack 0
    93  000013                     _count:
    94                           	opt stack 0
    95  000013                     	ds	2
    96                           
    97                           	psect	cstackCOMRAM
    98  000001                     __pcstackCOMRAM:
    99                           	opt stack 0
   100  000001                     ??_tc_int:
   101                           
   102                           ; 1 bytes @ 0x0
   103  000001                     	ds	18
   104  000013                     
   105                           ; 1 bytes @ 0x12
   106 ;;
   107 ;;Main: autosize = 0, tempsize = 0, incstack = 0, save=0
   108 ;;
   109 ;; *************** function _main *****************
   110 ;; Defined at:
   111 ;;		line 13 in file "main.c"
   112 ;; Parameters:    Size  Location     Type
   113 ;;		None
   114 ;; Auto vars:     Size  Location     Type
   115 ;;		None
   116 ;; Return value:  Size  Location     Type
   117 ;;                  1    wreg      void 
   118 ;; Registers used:
   119 ;;		wreg, status,2
   120 ;; Tracked objects:
   121 ;;		On entry : 0/0
   122 ;;		On exit  : 0/0
   123 ;;		Unchanged: 0/0
   124 ;; Data sizes:     COMRAM   BANK0   BANK1   BANK2   BANK3   BANK4   BANK5
   125 ;;      Params:         0       0       0       0       0       0       0
   126 ;;      Locals:         0       0       0       0       0       0       0
   127 ;;      Temps:          0       0       0       0       0       0       0
   128 ;;      Totals:         0       0       0       0       0       0       0
   129 ;;Total ram usage:        0 bytes
   130 ;; Hardware stack levels required when called:    1
   131 ;; This function calls:
   132 ;;		Nothing
   133 ;; This function is called by:
   134 ;;		Startup code after reset
   135 ;; This function uses a non-reentrant model
   136 ;;
   137                           
   138                           	psect	text0
   139  0000E0                     __ptext0:
   140                           	opt stack 0
   141  0000E0                     _main:
   142                           	opt stack 30
   143                           
   144                           ;main.c: 14: RCONbits.IPEN=0x01;
   145                           
   146                           ;incstack = 0
   147  0000E0  8ED0               	bsf	4048,7,c	;volatile
   148                           
   149                           ;main.c: 15: T1CON=0x95;
   150  0000E2  0E95               	movlw	149
   151  0000E4  6ECD               	movwf	4045,c	;volatile
   152                           
   153                           ;main.c: 16: T2CON = 0x7F;
   154  0000E6  0E7F               	movlw	127
   155  0000E8  6ECA               	movwf	4042,c	;volatile
   156                           
   157                           ;main.c: 18: OSCCONbits.IRCF2 = 0;
   158  0000EA  9CD3               	bcf	4051,6,c	;volatile
   159                           
   160                           ;main.c: 19: OSCCONbits.IRCF1 = 1;
   161  0000EC  8AD3               	bsf	4051,5,c	;volatile
   162                           
   163                           ;main.c: 22: PIE1bits.TMR1IE=1;
   164  0000EE  809D               	bsf	3997,0,c	;volatile
   165                           
   166                           ;main.c: 23: IPR1bits.TMR1IP=1;
   167  0000F0  809F               	bsf	3999,0,c	;volatile
   168                           
   169                           ;main.c: 24: PIR1bits.TMR1IF=0;
   170  0000F2  909E               	bcf	3998,0,c	;volatile
   171                           
   172                           ;main.c: 26: PIE1bits.TMR2IE=1;
   173  0000F4  829D               	bsf	3997,1,c	;volatile
   174                           
   175                           ;main.c: 27: IPR1bits.TMR2IP=1;
   176  0000F6  829F               	bsf	3999,1,c	;volatile
   177                           
   178                           ;main.c: 28: PIR1bits.TMR2IF=0;
   179  0000F8  929E               	bcf	3998,1,c	;volatile
   180                           
   181                           ;main.c: 30: TMR1 = 49910;
   182  0000FA  0EC2               	movlw	194
   183  0000FC  6ECF               	movwf	4047,c	;volatile
   184  0000FE  0EF6               	movlw	246
   185  000100  6ECE               	movwf	4046,c	;volatile
   186                           
   187                           ;main.c: 32: TMR2 = 0;
   188  000102  0E00               	movlw	0
   189  000104  6ECC               	movwf	4044,c	;volatile
   190                           
   191                           ;main.c: 33: PR2 = 244;
   192  000106  0EF4               	movlw	244
   193  000108  6ECB               	movwf	4043,c	;volatile
   194                           
   195                           ;main.c: 34: INTCONbits.GIE=1;
   196  00010A  8EF2               	bsf	intcon,7,c	;volatile
   197                           
   198                           ;main.c: 36: TRISD = 0x00;
   199  00010C  0E00               	movlw	0
   200  00010E  6E95               	movwf	3989,c	;volatile
   201                           
   202                           ;main.c: 37: LATD = 0x03;
   203  000110  0E03               	movlw	3
   204  000112  6E8C               	movwf	3980,c	;volatile
   205  000114                     l43:
   206  000114  D7FF               	goto	l43
   207  000116                     __end_of_main:
   208                           	opt stack 0
   209                           intcon	equ	0xFF2
   210                           
   211 ;; *************** function _tc_int *****************
   212 ;; Defined at:
   213 ;;		line 42 in file "main.c"
   214 ;; Parameters:    Size  Location     Type
   215 ;;		None
   216 ;; Auto vars:     Size  Location     Type
   217 ;;		None
   218 ;; Return value:  Size  Location     Type
   219 ;;                  1    wreg      void 
   220 ;; Registers used:
   221 ;;		wreg, status,2
   222 ;; Tracked objects:
   223 ;;		On entry : 0/0
   224 ;;		On exit  : 0/0
   225 ;;		Unchanged: 0/0
   226 ;; Data sizes:     COMRAM   BANK0   BANK1   BANK2   BANK3   BANK4   BANK5
   227 ;;      Params:         0       0       0       0       0       0       0
   228 ;;      Locals:         0       0       0       0       0       0       0
   229 ;;      Temps:         18       0       0       0       0       0       0
   230 ;;      Totals:        18       0       0       0       0       0       0
   231 ;;Total ram usage:       18 bytes
   232 ;; Hardware stack levels used:    1
   233 ;; This function calls:
   234 ;;		Nothing
   235 ;; This function is called by:
   236 ;;		Interrupt level 2
   237 ;; This function uses a non-reentrant model
   238 ;;
   239                           
   240                           	psect	intcode
   241  000008                     __pintcode:
   242                           	opt stack 0
   243  000008                     _tc_int:
   244                           	opt stack 30
   245                           
   246                           ;incstack = 0
   247  000008  8215               	bsf	btemp,1,c	;set compiler interrupt flag (level 2)
   248  00000A  ED09  F000         	call	int_func,f	;refresh shadow registers
   249                           intcon	equ	0xFF2
   250                           
   251                           	psect	intcode_body
   252  000012                     __pintcode_body:
   253                           	opt stack 30
   254  000012                     int_func:
   255                           	opt stack 30
   256  000012  0006               	pop		; remove dummy address from shadow register refresh
   257  000014  CFFA F001          	movff	pclath,??_tc_int
   258  000018  CFFB F002          	movff	pclatu,??_tc_int+1
   259  00001C  CFE9 F003          	movff	fsr0l,??_tc_int+2
   260  000020  CFEA F004          	movff	fsr0h,??_tc_int+3
   261  000024  CFE1 F005          	movff	fsr1l,??_tc_int+4
   262  000028  CFE2 F006          	movff	fsr1h,??_tc_int+5
   263  00002C  CFD9 F007          	movff	fsr2l,??_tc_int+6
   264  000030  CFDA F008          	movff	fsr2h,??_tc_int+7
   265  000034  CFF3 F009          	movff	prodl,??_tc_int+8
   266  000038  CFF4 F00A          	movff	prodh,??_tc_int+9
   267  00003C  CFF6 F00B          	movff	tblptrl,??_tc_int+10
   268  000040  CFF7 F00C          	movff	tblptrh,??_tc_int+11
   269  000044  CFF8 F00D          	movff	tblptru,??_tc_int+12
   270  000048  CFF5 F00E          	movff	tablat,??_tc_int+13
   271  00004C  C015  F00F         	movff	btemp,??_tc_int+14
   272  000050  C016  F010         	movff	btemp+1,??_tc_int+15
   273  000054  C017  F011         	movff	btemp+2,??_tc_int+16
   274  000058  C018  F012         	movff	btemp+3,??_tc_int+17
   275                           
   276                           ;main.c: 44: if(TMR1IE && TMR1IF){
   277  00005C  B09D               	btfsc	3997,0,c	;volatile
   278  00005E  A09E               	btfss	3998,0,c	;volatile
   279  000060  D00A               	goto	i2l51
   280                           
   281                           ;main.c: 45: TMR1 = 49910;
   282  000062  0EC2               	movlw	194
   283  000064  6ECF               	movwf	4047,c	;volatile
   284  000066  0EF6               	movlw	246
   285  000068  6ECE               	movwf	4046,c	;volatile
   286                           
   287                           ;main.c: 46: if(LATDbits.LD0 == 0)
   288  00006A  B08C               	btfsc	3980,0,c	;volatile
   289  00006C  D002               	goto	i2l52
   290                           
   291                           ;main.c: 47: LATDbits.LD0 = 1;
   292  00006E  808C               	bsf	3980,0,c	;volatile
   293  000070  D001               	goto	i2l53
   294  000072                     i2l52:
   295                           
   296                           ;main.c: 48: else
   297                           ;main.c: 49: LATDbits.LD0 = 0;
   298  000072  908C               	bcf	3980,0,c	;volatile
   299  000074                     i2l53:
   300                           
   301                           ;main.c: 51: TMR1IF=0;
   302  000074  909E               	bcf	3998,0,c	;volatile
   303  000076                     i2l51:
   304                           
   305                           ;main.c: 52: }
   306                           ;main.c: 54: if(TMR2IE && TMR2IF){
   307  000076  B29D               	btfsc	3997,1,c	;volatile
   308  000078  A29E               	btfss	3998,1,c	;volatile
   309  00007A  D00C               	goto	i2l54
   310                           
   311                           ;main.c: 55: TMR2 = 0;
   312  00007C  0E00               	movlw	0
   313  00007E  6ECC               	movwf	4044,c	;volatile
   314                           
   315                           ;main.c: 56: TMR1 = 49910;
   316  000080  0EC2               	movlw	194
   317  000082  6ECF               	movwf	4047,c	;volatile
   318  000084  0EF6               	movlw	246
   319  000086  6ECE               	movwf	4046,c	;volatile
   320                           
   321                           ;main.c: 57: if(LATDbits.LD1 == 0)
   322  000088  B28C               	btfsc	3980,1,c	;volatile
   323  00008A  D002               	goto	i2l55
   324                           
   325                           ;main.c: 58: LATDbits.LD1 = 1;
   326  00008C  828C               	bsf	3980,1,c	;volatile
   327  00008E  D001               	goto	i2l56
   328  000090                     i2l55:
   329                           
   330                           ;main.c: 59: else
   331                           ;main.c: 60: LATDbits.LD1 = 0;
   332  000090  928C               	bcf	3980,1,c	;volatile
   333  000092                     i2l56:
   334                           
   335                           ;main.c: 62: TMR2IF=0;
   336  000092  929E               	bcf	3998,1,c	;volatile
   337  000094                     i2l54:
   338  000094  C012  F018         	movff	??_tc_int+17,btemp+3
   339  000098  C011  F017         	movff	??_tc_int+16,btemp+2
   340  00009C  C010  F016         	movff	??_tc_int+15,btemp+1
   341  0000A0  C00F  F015         	movff	??_tc_int+14,btemp
   342  0000A4  C00E  FFF5         	movff	??_tc_int+13,tablat
   343  0000A8  C00D  FFF8         	movff	??_tc_int+12,tblptru
   344  0000AC  C00C  FFF7         	movff	??_tc_int+11,tblptrh
   345  0000B0  C00B  FFF6         	movff	??_tc_int+10,tblptrl
   346  0000B4  C00A  FFF4         	movff	??_tc_int+9,prodh
   347  0000B8  C009  FFF3         	movff	??_tc_int+8,prodl
   348  0000BC  C008  FFDA         	movff	??_tc_int+7,fsr2h
   349  0000C0  C007  FFD9         	movff	??_tc_int+6,fsr2l
   350  0000C4  C006  FFE2         	movff	??_tc_int+5,fsr1h
   351  0000C8  C005  FFE1         	movff	??_tc_int+4,fsr1l
   352  0000CC  C004  FFEA         	movff	??_tc_int+3,fsr0h
   353  0000D0  C003  FFE9         	movff	??_tc_int+2,fsr0l
   354  0000D4  C002  FFFB         	movff	??_tc_int+1,pclatu
   355  0000D8  C001  FFFA         	movff	??_tc_int,pclath
   356  0000DC  9215               	bcf	btemp,1,c	;clear compiler interrupt flag (level 2)
   357  0000DE  0011               	retfie		f
   358  0000E0                     __end_of_tc_int:
   359                           	opt stack 0
   360  0000                     pclatu	equ	0xFFB
   361                           pclath	equ	0xFFA
   362                           tblptru	equ	0xFF8
   363                           tblptrh	equ	0xFF7
   364                           tblptrl	equ	0xFF6
   365                           tablat	equ	0xFF5
   366                           prodh	equ	0xFF4
   367                           prodl	equ	0xFF3
   368                           intcon	equ	0xFF2
   369                           fsr0h	equ	0xFEA
   370                           fsr0l	equ	0xFE9
   371                           fsr1h	equ	0xFE2
   372                           fsr1l	equ	0xFE1
   373                           fsr2h	equ	0xFDA
   374                           fsr2l	equ	0xFD9
   375                           pclatu	equ	0xFFB
   376                           pclath	equ	0xFFA
   377                           tblptru	equ	0xFF8
   378                           tblptrh	equ	0xFF7
   379                           tblptrl	equ	0xFF6
   380                           tablat	equ	0xFF5
   381                           prodh	equ	0xFF4
   382                           prodl	equ	0xFF3
   383                           intcon	equ	0xFF2
   384                           fsr0h	equ	0xFEA
   385                           fsr0l	equ	0xFE9
   386                           fsr1h	equ	0xFE2
   387                           fsr1l	equ	0xFE1
   388                           fsr2h	equ	0xFDA
   389                           fsr2l	equ	0xFD9
   390                           
   391                           	psect	rparam
   392  0000                     pclatu	equ	0xFFB
   393                           pclath	equ	0xFFA
   394                           tblptru	equ	0xFF8
   395                           tblptrh	equ	0xFF7
   396                           tblptrl	equ	0xFF6
   397                           tablat	equ	0xFF5
   398                           prodh	equ	0xFF4
   399                           prodl	equ	0xFF3
   400                           intcon	equ	0xFF2
   401                           fsr0h	equ	0xFEA
   402                           fsr0l	equ	0xFE9
   403                           fsr1h	equ	0xFE2
   404                           fsr1l	equ	0xFE1
   405                           fsr2h	equ	0xFDA
   406                           fsr2l	equ	0xFD9
   407                           
   408                           	psect	temp
   409  000015                     btemp:
   410                           	opt stack 0
   411  000015                     	ds	1
   412  0000                     int$flags	set	btemp
   413  0000                     wtemp6	set	btemp+1
   414                           pclatu	equ	0xFFB
   415                           pclath	equ	0xFFA
   416                           tblptru	equ	0xFF8
   417                           tblptrh	equ	0xFF7
   418                           tblptrl	equ	0xFF6
   419                           tablat	equ	0xFF5
   420                           prodh	equ	0xFF4
   421                           prodl	equ	0xFF3
   422                           intcon	equ	0xFF2
   423                           fsr0h	equ	0xFEA
   424                           fsr0l	equ	0xFE9
   425                           fsr1h	equ	0xFE2
   426                           fsr1l	equ	0xFE1
   427                           fsr2h	equ	0xFDA
   428                           fsr2l	equ	0xFD9


Data Sizes:
    Strings     0
    Constant    0
    Data        0
    BSS         2
    Persistent  0
    Stack       0

Auto Spaces:
    Space          Size  Autos    Used
    COMRAM          126     18      20
    BANK0           128      0       0
    BANK1           256      0       0
    BANK2           256      0       0
    BANK3           256      0       0
    BANK4           256      0       0
    BANK5           239      0       0

Pointer List with Targets:

    None.

Critical Paths under _main in COMRAM

    None.

Critical Paths under _tc_int in COMRAM

    None.

Critical Paths under _main in BANK0

    None.

Critical Paths under _tc_int in BANK0

    None.

Critical Paths under _main in BANK1

    None.

Critical Paths under _tc_int in BANK1

    None.

Critical Paths under _main in BANK2

    None.

Critical Paths under _tc_int in BANK2

    None.

Critical Paths under _main in BANK3

    None.

Critical Paths under _tc_int in BANK3

    None.

Critical Paths under _main in BANK4

    None.

Critical Paths under _tc_int in BANK4

    None.

Critical Paths under _main in BANK5

    None.

Critical Paths under _tc_int in BANK5

    None.

Call Graph Tables:

 ---------------------------------------------------------------------------------
 (Depth) Function   	        Calls       Base Space   Used Autos Params    Refs
 ---------------------------------------------------------------------------------
 (0) _main                                                 0     0      0       0
 ---------------------------------------------------------------------------------
 Estimated maximum stack depth 0
 ---------------------------------------------------------------------------------
 (Depth) Function   	        Calls       Base Space   Used Autos Params    Refs
 ---------------------------------------------------------------------------------
 (1) _tc_int                                              18    18      0       0
                                              0 COMRAM    18    18      0
 ---------------------------------------------------------------------------------
 Estimated maximum stack depth 1
 ---------------------------------------------------------------------------------

 Call Graph Graphs:

 _main (ROOT)

 _tc_int (ROOT)

 Address spaces:
Name               Size   Autos  Total    Cost      Usage
BIGRAM             5EE      0       0      16        0.0%
EEDATA             100      0       0       0        0.0%
BITBANK4           100      0       0      11        0.0%
BANK4              100      0       0      12        0.0%
BITBANK3           100      0       0       9        0.0%
BANK3              100      0       0      10        0.0%
BITBANK2           100      0       0       7        0.0%
BANK2              100      0       0       8        0.0%
BITBANK1           100      0       0       5        0.0%
BANK1              100      0       0       6        0.0%
BITBANK5            EF      0       0      15        0.0%
BANK5               EF      0       0      13        0.0%
BITBANK0            80      0       0       3        0.0%
BANK0               80      0       0       4        0.0%
BITCOMRAM           7E      0       0       0        0.0%
COMRAM              7E     12      14       1       15.9%
BITSFR_5             0      0       0     200        0.0%
SFR_5                0      0       0     200        0.0%
BITSFR_4             0      0       0     200        0.0%
SFR_4                0      0       0     200        0.0%
BITSFR_3             0      0       0     200        0.0%
SFR_3                0      0       0     200        0.0%
BITSFR_2             0      0       0     200        0.0%
SFR_2                0      0       0     200        0.0%
BITSFR_1             0      0       0     200        0.0%
SFR_1                0      0       0     200        0.0%
BITSFR               0      0       0     200        0.0%
SFR                  0      0       0     200        0.0%
STACK                0      0       0       2        0.0%
NULL                 0      0       0       0        0.0%
ABS                  0      0      14      14        0.0%
DATA                 0      0      14      17        0.0%
CODE                 0      0       0       0        0.0%


Microchip Technology PIC18 Macro Assembler V1.43 build -156212558 
Symbol Table                                                                                   Thu Nov 23 17:16:37 2017

                     l43 0114                      _PR2 000FCB             __CFG_LVP$OFF 000000  
           __CFG_WDT$OFF 000000                     _LATD 000F8C                     i2l51 0076  
                   i2l52 0072                     i2l53 0074                     i2l54 0094  
                   i2l55 0090                     i2l56 0092                     _TMR1 000FCE  
                   _TMR2 000FCC                     _main 00E0                     fsr0h 000FEA  
                   fsr1h 000FE2                     fsr2h 000FDA                     fsr0l 000FE9  
                   fsr1l 000FE1                     fsr2l 000FD9                     btemp 0015  
                   prodh 000FF4                     prodl 000FF3                     start 000E  
          __CFG_MCLRE$ON 000000             ___param_bank 000000                    ?_main 0001  
                  _T1CON 000FCD                    _T2CON 000FCA                    _TRISD 000F95  
                  _count 0013                    pclath 000FFA                    tablat 000FF5  
                  wtemp6 0016          __initialization 0116             __end_of_main 0116  
                 ??_main 0013            __activetblptr 000000                   _TMR1IE 007CE8  
                 _TMR1IF 007CF0                   _TMR2IE 007CE9                   _TMR2IF 007CF1  
                 _tc_int 0008                   tblptrh 000FF7                   tblptrl 000FF6  
                 tblptru 000FF8               __accesstop 0080  __end_of__initialization 011A  
        __CFG_PBADEN$OFF 000000            ___rparam_used 000001           __pcstackCOMRAM 0001  
                ?_tc_int 0001                  __Hparam 0000                  __Lparam 0000  
                __pcinit 0116                  __ramtop 0600          __size_of_tc_int 00D8  
                __ptext0 00E0           __pintcode_body 0012     end_of_initialization 011A  
                int_func 0012           __end_of_tc_int 00E0      start_initialization 0116  
       __CFG_OSC$INTIO67 000000                 ??_tc_int 0001              __pbssCOMRAM 0013  
              __pintcode 0008                 _LATDbits 000F8C                 _IPR1bits 000F9F  
               _PIE1bits 000F9D                 _PIR1bits 000F9E                 _RCONbits 000FD0  
               __Hrparam 0000                 __Lrparam 0000            __size_of_main 0036  
               int$flags 0015               _INTCONbits 000FF2                 intlevel2 0000  
             _OSCCONbits 000FD3  
