

Microchip Technology PIC18 LITE Macro Assembler V1.43 build -156212558 
                                                                                               Thu Nov 30 17:21:07 2017

Microchip Technology Omniscient Code Generator v1.43 (Free mode) build 201707250354
     1                           	processor	18F4520
     2                           	fnconf	rparam,??,?,0
     3                           	opt	pw 120
     4                           	opt	lm
     5                           	psect	cinit,global,reloc=2,class=CODE,delta=1
     6                           	psect	cstackCOMRAM,global,class=COMRAM,space=1,delta=1,noexec
     7                           	psect	text0,global,reloc=2,class=CODE,delta=1
     8                           	psect	text1,global,reloc=2,class=CODE,delta=1
     9                           	psect	text2,global,reloc=2,class=CODE,delta=1
    10                           	psect	text3,global,reloc=2,class=CODE,delta=1
    11                           	psect	intsave_regs,global,class=BIGRAM,space=1,delta=1,noexec
    12                           	psect	rparam,global,class=COMRAM,space=1,delta=1,noexec
    13  0000                     
    14                           ; Version 1.43
    15                           ; Generated 25/07/2017 GMT
    16                           ; 
    17                           ; Copyright © 2017, Microchip Technology Inc. and its subsidiaries ("Microchip")
    18                           ; All rights reserved.
    19                           ; 
    20                           ; This software is developed by Microchip Technology Inc. and its subsidiaries ("Microch
      +                          ip").
    21                           ; 
    22                           ; Redistribution and use in source and binary forms, with or without modification, are
    23                           ; permitted provided that the following conditions are met:
    24                           ; 
    25                           ;     1. Redistributions of source code must retain the above copyright notice, this lis
      +                          t of
    26                           ;        conditions and the following disclaimer.
    27                           ; 
    28                           ;     2. Redistributions in binary form must reproduce the above copyright notice, this 
      +                          list
    29                           ;        of conditions and the following disclaimer in the documentation and/or other
    30                           ;        materials provided with the distribution.
    31                           ; 
    32                           ;     3. Microchip's name may not be used to endorse or promote products derived from th
      +                          is
    33                           ;        software without specific prior written permission.
    34                           ; 
    35                           ; THIS SOFTWARE IS PROVIDED BY MICROCHIP "AS IS" AND ANY EXPRESS OR IMPLIED WARRANTIES,
    36                           ; INCLUDING, BUT NOT LIMITED TO, THE IMPLIED WARRANTIES OF MERCHANTABILITY AND FITNESS F
      +                          OR
    37                           ; PURPOSE ARE DISCLAIMED.  IN NO EVENT SHALL MICROCHIP BE LIABLE FOR ANY DIRECT, INDIREC
      +                          T,
    38                           ; INCIDENTAL, SPECIAL, EXEMPLARY, OR CONSEQUENTIAL DAMAGES (INCLUDING BUT NOT LIMITED TO
    39                           ; PROCUREMENT OF SUBSTITUTE GOODS OR SERVICES; LOSS OF USE, DATA OR PROFITS; OR BUSINESS
    40                           ; INTERRUPTION) HOWSOEVER CAUSED AND ON ANY THEORY OF LIABILITY, WHETHER IN CONTRACT, ST
      +                          RICT
    41                           ; LIABILITY, OR TORT (INCLUDING NEGLIGENCE OR OTHERWISE) ARISING IN ANY WAY OUT OF THE U
      +                          SE OF
    42                           ; THIS SOFTWARE, EVEN IF ADVISED OF THE POSSIBILITY OF SUCH DAMAGE.
    43                           ; 
    44                           ; 
    45                           ; Code-generator required, PIC18F4520 Definitions
    46                           ; 
    47                           ; SFR Addresses
    48  0000                     _TRISDbits	set	3989
    49  0000                     _TRISCbits	set	3988
    50  0000                     _RD0	set	31768
    51  0000                     _OSCCONbits	set	4051
    52  0000                     _T2CON	set	4042
    53  0000                     _CCP1CON	set	4029
    54  0000                     _CCPR1L	set	4030
    55  0000                     _CCP1CONbits	set	4029
    56  0000                     _PR2	set	4043
    57                           
    58                           ; #config settings
    59  0000                     
    60                           	psect	cinit
    61  007C0E                     __pcinit:
    62                           	opt stack 0
    63  007C0E                     start_initialization:
    64                           	opt stack 0
    65  007C0E                     __initialization:
    66                           	opt stack 0
    67  007C0E                     end_of_initialization:
    68                           	opt stack 0
    69  007C0E                     __end_of__initialization:
    70                           	opt stack 0
    71  007C0E  0100               	movlb	0
    72  007C10  EF38  F03E         	goto	_main	;jump to C main() function
    73                           
    74                           	psect	cstackCOMRAM
    75  000001                     __pcstackCOMRAM:
    76                           	opt stack 0
    77  000001                     PWM1_Duty@duty:
    78                           	opt stack 0
    79  000001                     PWM1_Init@setDuty:
    80                           	opt stack 0
    81                           
    82                           ; 4 bytes @ 0x0
    83  000001                     	ds	2
    84  000003                     ??_PWM1_Duty:
    85                           
    86                           ; 1 bytes @ 0x2
    87  000003                     	ds	2
    88  000005                     main@turn:
    89                           	opt stack 0
    90                           
    91                           ; 2 bytes @ 0x4
    92  000005                     	ds	2
    93  000007                     main@delay1:
    94                           	opt stack 0
    95                           
    96                           ; 2 bytes @ 0x6
    97  000007                     	ds	2
    98  000009                     main@delay2:
    99                           	opt stack 0
   100                           
   101                           ; 2 bytes @ 0x8
   102  000009                     	ds	2
   103  00000B                     main@i:
   104                           	opt stack 0
   105                           
   106                           ; 2 bytes @ 0xA
   107  00000B                     	ds	2
   108                           
   109 ;;
   110 ;;Main: autosize = 0, tempsize = 0, incstack = 0, save=0
   111 ;;
   112 ;; *************** function _main *****************
   113 ;; Defined at:
   114 ;;		line 53 in file "newmain.c"
   115 ;; Parameters:    Size  Location     Type
   116 ;;		None
   117 ;; Auto vars:     Size  Location     Type
   118 ;;  delay2          2    8[COMRAM] int 
   119 ;;  delay1          2    6[COMRAM] int 
   120 ;;  i               2   10[COMRAM] int 
   121 ;;  turn            2    4[COMRAM] int 
   122 ;; Return value:  Size  Location     Type
   123 ;;                  1    wreg      void 
   124 ;; Registers used:
   125 ;;		wreg, status,2, status,0, cstack
   126 ;; Tracked objects:
   127 ;;		On entry : 0/0
   128 ;;		On exit  : 0/0
   129 ;;		Unchanged: 0/0
   130 ;; Data sizes:     COMRAM   BANK0   BANK1   BANK2   BANK3   BANK4   BANK5
   131 ;;      Params:         0       0       0       0       0       0       0
   132 ;;      Locals:         8       0       0       0       0       0       0
   133 ;;      Temps:          0       0       0       0       0       0       0
   134 ;;      Totals:         8       0       0       0       0       0       0
   135 ;;Total ram usage:        8 bytes
   136 ;; Hardware stack levels required when called:    1
   137 ;; This function calls:
   138 ;;		_PWM1_Duty
   139 ;;		_PWM1_Init
   140 ;;		_PWM1_Start
   141 ;; This function is called by:
   142 ;;		Startup code after reset
   143 ;; This function uses a non-reentrant model
   144 ;;
   145                           
   146                           	psect	text0
   147  007C70                     __ptext0:
   148                           	opt stack 0
   149  007C70                     _main:
   150                           	opt stack 30
   151                           
   152                           ;newmain.c: 55: int i=16;
   153                           
   154                           ;incstack = 0
   155  007C70  0E00               	movlw	0
   156  007C72  6E0C               	movwf	main@i+1,c
   157  007C74  0E10               	movlw	16
   158  007C76  6E0B               	movwf	main@i,c
   159                           
   160                           ;newmain.c: 56: int turn = 0;
   161  007C78  0E00               	movlw	0
   162  007C7A  6E06               	movwf	main@turn+1,c
   163  007C7C  0E00               	movlw	0
   164  007C7E  6E05               	movwf	main@turn,c
   165                           
   166                           ;newmain.c: 57: TRISDbits.RD0 = 1;
   167  007C80  8095               	bsf	3989,0,c	;volatile
   168                           
   169                           ;newmain.c: 58: PWM1_Init(155);
   170  007C82  0E9B               	movlw	155
   171  007C84  6E01               	movwf	PWM1_Init@setDuty,c
   172  007C86  0E00               	movlw	0
   173  007C88  6E02               	movwf	PWM1_Init@setDuty+1,c
   174  007C8A  0E00               	movlw	0
   175  007C8C  6E03               	movwf	PWM1_Init@setDuty+2,c
   176  007C8E  0E00               	movlw	0
   177  007C90  6E04               	movwf	PWM1_Init@setDuty+3,c
   178  007C92  EC04  F03E         	call	_PWM1_Init	;wreg free
   179                           
   180                           ;newmain.c: 59: PWM1_Start();
   181  007C96  EC0A  F03E         	call	_PWM1_Start	;wreg free
   182  007C9A                     
   183                           ;newmain.c: 62: {
   184                           ;newmain.c: 63: if(RD0 == 0 && i<75)
   185  007C9A  B083               	btfsc	3971,0,c	;volatile
   186  007C9C  D00E               	goto	l38
   187  007C9E  BE0C               	btfsc	main@i+1,7,c
   188  007CA0  D006               	goto	u60
   189  007CA2  500C               	movf	main@i+1,w,c
   190  007CA4  E10A               	bnz	l736
   191  007CA6  0E4B               	movlw	75
   192  007CA8  5C0B               	subwf	main@i,w,c
   193  007CAA  B0D8               	btfsc	status,0,c
   194  007CAC  D006               	goto	l38
   195  007CAE                     u60:
   196                           
   197                           ;newmain.c: 64: i=i+1;
   198  007CAE  0E01               	movlw	1
   199  007CB0  240B               	addwf	main@i,w,c
   200  007CB2  6E0B               	movwf	main@i,c
   201  007CB4  0E00               	movlw	0
   202  007CB6  200C               	addwfc	main@i+1,w,c
   203  007CB8  6E0C               	movwf	main@i+1,c
   204  007CBA                     l38:
   205  007CBA                     l736:
   206                           
   207                           ;newmain.c: 65: PWM1_Duty(i);
   208  007CBA  C00B  F001         	movff	main@i,PWM1_Duty@duty
   209  007CBE  C00C  F002         	movff	main@i+1,PWM1_Duty@duty+1
   210  007CC2  EC13  F03E         	call	_PWM1_Duty	;wreg free
   211                           
   212                           ;newmain.c: 68: int delay1 = 100;
   213  007CC6  0E00               	movlw	0
   214  007CC8  6E08               	movwf	main@delay1+1,c
   215  007CCA  0E64               	movlw	100
   216  007CCC  6E07               	movwf	main@delay1,c
   217                           
   218                           ;newmain.c: 69: int delay2 = 10;
   219  007CCE  0E00               	movlw	0
   220  007CD0  6E0A               	movwf	main@delay2+1,c
   221  007CD2  0E0A               	movlw	10
   222  007CD4  6E09               	movwf	main@delay2,c
   223                           
   224                           ;newmain.c: 70: while( delay1 != 0 )
   225  007CD6  D00F               	goto	l39
   226  007CD8                     
   227                           ;newmain.c: 71: {
   228                           ;newmain.c: 72: delay2 = 10;
   229  007CD8  0E00               	movlw	0
   230  007CDA  6E0A               	movwf	main@delay2+1,c
   231  007CDC  0E0A               	movlw	10
   232  007CDE  6E09               	movwf	main@delay2,c
   233                           
   234                           ;newmain.c: 73: while(delay2 != 0 )
   235  007CE0  D003               	goto	l41
   236  007CE2                     
   237                           ;newmain.c: 74: {
   238                           ;newmain.c: 75: delay2--;
   239  007CE2  0609               	decf	main@delay2,f,c
   240  007CE4  A0D8               	btfss	status,0,c
   241  007CE6  060A               	decf	main@delay2+1,f,c
   242  007CE8                     l41:
   243  007CE8  5009               	movf	main@delay2,w,c
   244  007CEA  100A               	iorwf	main@delay2+1,w,c
   245  007CEC  A4D8               	btfss	status,2,c
   246  007CEE  D7F9               	goto	l42
   247                           
   248                           ;newmain.c: 76: }
   249                           ;newmain.c: 77: delay1--;
   250  007CF0  0607               	decf	main@delay1,f,c
   251  007CF2  A0D8               	btfss	status,0,c
   252  007CF4  0608               	decf	main@delay1+1,f,c
   253  007CF6                     l39:
   254  007CF6  5007               	movf	main@delay1,w,c
   255  007CF8  1008               	iorwf	main@delay1+1,w,c
   256  007CFA  B4D8               	btfsc	status,2,c
   257  007CFC  D7CE               	goto	l37
   258  007CFE  D7EC               	goto	l40
   259  007D00                     __end_of_main:
   260                           	opt stack 0
   261                           status	equ	0xFD8
   262                           
   263 ;; *************** function _PWM1_Start *****************
   264 ;; Defined at:
   265 ;;		line 27 in file "newmain.c"
   266 ;; Parameters:    Size  Location     Type
   267 ;;		None
   268 ;; Auto vars:     Size  Location     Type
   269 ;;		None
   270 ;; Return value:  Size  Location     Type
   271 ;;                  2   26[None  ] int 
   272 ;; Registers used:
   273 ;;		wreg, status,2
   274 ;; Tracked objects:
   275 ;;		On entry : 0/0
   276 ;;		On exit  : 0/0
   277 ;;		Unchanged: 0/0
   278 ;; Data sizes:     COMRAM   BANK0   BANK1   BANK2   BANK3   BANK4   BANK5
   279 ;;      Params:         0       0       0       0       0       0       0
   280 ;;      Locals:         0       0       0       0       0       0       0
   281 ;;      Temps:          0       0       0       0       0       0       0
   282 ;;      Totals:         0       0       0       0       0       0       0
   283 ;;Total ram usage:        0 bytes
   284 ;; Hardware stack levels used:    1
   285 ;; This function calls:
   286 ;;		Nothing
   287 ;; This function is called by:
   288 ;;		_main
   289 ;; This function uses a non-reentrant model
   290 ;;
   291                           
   292                           	psect	text1
   293  007C14                     __ptext1:
   294                           	opt stack 0
   295  007C14                     _PWM1_Start:
   296                           	opt stack 30
   297                           
   298                           ;newmain.c: 42: {
   299                           ;newmain.c: 43: CCP1CON = 0b00001100;
   300                           
   301                           ;newmain.c: 41: else if (16 == 16)
   302                           
   303                           ;newmain.c: 38: {
   304                           ;newmain.c: 40: }
   305                           
   306                           ;newmain.c: 37: else if(16 == 4)
   307                           
   308                           ;newmain.c: 34: {
   309                           ;newmain.c: 36: }
   310                           
   311                           ;newmain.c: 33: if (16 == 1)
   312                           
   313                           ;incstack = 0
   314  007C14  0E0C               	movlw	12
   315  007C16  6EBD               	movwf	4029,c	;volatile
   316                           
   317                           ;newmain.c: 44: T2CON = 0x07;
   318  007C18  0E07               	movlw	7
   319  007C1A  6ECA               	movwf	4042,c	;volatile
   320                           
   321                           ;newmain.c: 45: OSCCONbits.IRCF2 = 0;
   322  007C1C  9CD3               	bcf	4051,6,c	;volatile
   323                           
   324                           ;newmain.c: 46: OSCCONbits.IRCF1 = 1;
   325  007C1E  8AD3               	bsf	4051,5,c	;volatile
   326                           
   327                           ;newmain.c: 47: OSCCONbits.IRCF0 = 1;
   328  007C20  88D3               	bsf	4051,4,c	;volatile
   329                           
   330                           ;newmain.c: 48: TRISCbits.RC2 = 0;
   331  007C22  9494               	bcf	3988,2,c	;volatile
   332  007C24  0012               	return	
   333  007C26                     __end_of_PWM1_Start:
   334                           	opt stack 0
   335                           status	equ	0xFD8
   336                           
   337 ;; *************** function _PWM1_Init *****************
   338 ;; Defined at:
   339 ;;		line 14 in file "newmain.c"
   340 ;; Parameters:    Size  Location     Type
   341 ;;  setDuty         4    0[COMRAM] long 
   342 ;; Auto vars:     Size  Location     Type
   343 ;;		None
   344 ;; Return value:  Size  Location     Type
   345 ;;                  2    0[COMRAM] int 
   346 ;; Registers used:
   347 ;;		None
   348 ;; Tracked objects:
   349 ;;		On entry : 0/0
   350 ;;		On exit  : 0/0
   351 ;;		Unchanged: 0/0
   352 ;; Data sizes:     COMRAM   BANK0   BANK1   BANK2   BANK3   BANK4   BANK5
   353 ;;      Params:         4       0       0       0       0       0       0
   354 ;;      Locals:         0       0       0       0       0       0       0
   355 ;;      Temps:          0       0       0       0       0       0       0
   356 ;;      Totals:         4       0       0       0       0       0       0
   357 ;;Total ram usage:        4 bytes
   358 ;; Hardware stack levels used:    1
   359 ;; This function calls:
   360 ;;		Nothing
   361 ;; This function is called by:
   362 ;;		_main
   363 ;; This function uses a non-reentrant model
   364 ;;
   365                           
   366                           	psect	text2
   367  007C08                     __ptext2:
   368                           	opt stack 0
   369  007C08                     _PWM1_Init:
   370                           	opt stack 30
   371                           
   372                           ;newmain.c: 16: PR2 = setDuty;
   373                           
   374                           ;incstack = 0
   375  007C08  C001  FFCB         	movff	PWM1_Init@setDuty,4043	;volatile
   376  007C0C  0012               	return		;funcret
   377  007C0E                     __end_of_PWM1_Init:
   378                           	opt stack 0
   379                           status	equ	0xFD8
   380                           
   381 ;; *************** function _PWM1_Duty *****************
   382 ;; Defined at:
   383 ;;		line 19 in file "newmain.c"
   384 ;; Parameters:    Size  Location     Type
   385 ;;  duty            2    0[COMRAM] unsigned int 
   386 ;; Auto vars:     Size  Location     Type
   387 ;;		None
   388 ;; Return value:  Size  Location     Type
   389 ;;                  2    0[COMRAM] int 
   390 ;; Registers used:
   391 ;;		wreg, status,2, status,0
   392 ;; Tracked objects:
   393 ;;		On entry : 0/0
   394 ;;		On exit  : 0/0
   395 ;;		Unchanged: 0/0
   396 ;; Data sizes:     COMRAM   BANK0   BANK1   BANK2   BANK3   BANK4   BANK5
   397 ;;      Params:         2       0       0       0       0       0       0
   398 ;;      Locals:         0       0       0       0       0       0       0
   399 ;;      Temps:          2       0       0       0       0       0       0
   400 ;;      Totals:         4       0       0       0       0       0       0
   401 ;;Total ram usage:        4 bytes
   402 ;; Hardware stack levels used:    1
   403 ;; This function calls:
   404 ;;		Nothing
   405 ;; This function is called by:
   406 ;;		_main
   407 ;; This function uses a non-reentrant model
   408 ;;
   409                           
   410                           	psect	text3
   411  007C26                     __ptext3:
   412                           	opt stack 0
   413  007C26                     _PWM1_Duty:
   414                           	opt stack 30
   415                           
   416                           ;newmain.c: 22: CCP1CONbits.CCP1X = (duty >> 1) & 1;
   417                           
   418                           ;incstack = 0
   419  007C26  90D8               	bcf	status,0,c
   420  007C28  3002               	rrcf	PWM1_Duty@duty+1,w,c
   421  007C2A  6E04               	movwf	(??_PWM1_Duty+1)& (0+255),c
   422  007C2C  3001               	rrcf	PWM1_Duty@duty,w,c
   423  007C2E  6E03               	movwf	??_PWM1_Duty& (0+255),c
   424  007C30  0E01               	movlw	1
   425  007C32  1603               	andwf	??_PWM1_Duty,f,c
   426  007C34  3A03               	swapf	??_PWM1_Duty,f,c
   427  007C36  4603               	rlncf	??_PWM1_Duty,f,c
   428  007C38  50BD               	movf	4029,w,c	;volatile
   429  007C3A  1803               	xorwf	??_PWM1_Duty,w,c
   430  007C3C  0BDF               	andlw	-33
   431  007C3E  1803               	xorwf	??_PWM1_Duty,w,c
   432  007C40  6EBD               	movwf	4029,c	;volatile
   433                           
   434                           ;newmain.c: 23: CCP1CONbits.CCP1Y = duty & 1;
   435  007C42  C001  F003         	movff	PWM1_Duty@duty,??_PWM1_Duty
   436  007C46  0E01               	movlw	1
   437  007C48  1603               	andwf	??_PWM1_Duty,f,c
   438  007C4A  3A03               	swapf	??_PWM1_Duty,f,c
   439  007C4C  50BD               	movf	4029,w,c	;volatile
   440  007C4E  1803               	xorwf	??_PWM1_Duty,w,c
   441  007C50  0BEF               	andlw	-17
   442  007C52  1803               	xorwf	??_PWM1_Duty,w,c
   443  007C54  6EBD               	movwf	4029,c	;volatile
   444                           
   445                           ;newmain.c: 24: CCPR1L = duty >> 2;
   446  007C56  C001  F003         	movff	PWM1_Duty@duty,??_PWM1_Duty
   447  007C5A  C002  F004         	movff	PWM1_Duty@duty+1,??_PWM1_Duty+1
   448  007C5E  90D8               	bcf	status,0,c
   449  007C60  3204               	rrcf	??_PWM1_Duty+1,f,c
   450  007C62  3203               	rrcf	??_PWM1_Duty,f,c
   451  007C64  90D8               	bcf	status,0,c
   452  007C66  3204               	rrcf	??_PWM1_Duty+1,f,c
   453  007C68  3203               	rrcf	??_PWM1_Duty,f,c
   454  007C6A  5003               	movf	??_PWM1_Duty,w,c
   455  007C6C  6EBE               	movwf	4030,c	;volatile
   456  007C6E  0012               	return		;funcret
   457  007C70                     __end_of_PWM1_Duty:
   458                           	opt stack 0
   459  0000                     status	equ	0xFD8
   460                           status	equ	0xFD8
   461                           
   462                           	psect	rparam
   463  0000                     status	equ	0xFD8


Data Sizes:
    Strings     0
    Constant    0
    Data        0
    BSS         0
    Persistent  0
    Stack       0

Auto Spaces:
    Space          Size  Autos    Used
    COMRAM          127     12      12
    BANK0           128      0       0
    BANK1           256      0       0
    BANK2           256      0       0
    BANK3           256      0       0
    BANK4           256      0       0
    BANK5           239      0       0

Pointer List with Targets:

    None.

Critical Paths under _main in COMRAM

    _main->_PWM1_Duty
    _main->_PWM1_Init

Critical Paths under _main in BANK0

    None.

Critical Paths under _main in BANK1

    None.

Critical Paths under _main in BANK2

    None.

Critical Paths under _main in BANK3

    None.

Critical Paths under _main in BANK4

    None.

Critical Paths under _main in BANK5

    None.

Call Graph Tables:

 ---------------------------------------------------------------------------------
 (Depth) Function   	        Calls       Base Space   Used Autos Params    Refs
 ---------------------------------------------------------------------------------
 (0) _main                                                 8     8      0     358
                                              4 COMRAM     8     8      0
                          _PWM1_Duty
                          _PWM1_Init
                         _PWM1_Start
 ---------------------------------------------------------------------------------
 (1) _PWM1_Start                                           0     0      0       0
 ---------------------------------------------------------------------------------
 (1) _PWM1_Init                                            4     0      4      98
                                              0 COMRAM     4     0      4
 ---------------------------------------------------------------------------------
 (1) _PWM1_Duty                                            4     2      2     142
                                              0 COMRAM     4     2      2
 ---------------------------------------------------------------------------------
 Estimated maximum stack depth 1
 ---------------------------------------------------------------------------------

 Call Graph Graphs:

 _main (ROOT)
   _PWM1_Duty
   _PWM1_Init
   _PWM1_Start

 Address spaces:
Name               Size   Autos  Total    Cost      Usage
BITCOMRAM           7F      0       0       0        0.0%
EEDATA             100      0       0       0        0.0%
NULL                 0      0       0       0        0.0%
CODE                 0      0       0       0        0.0%
COMRAM              7F      C       C       1        9.4%
STACK                0      0       0       2        0.0%
BITBANK0            80      0       0       3        0.0%
BANK0               80      0       0       4        0.0%
BITBANK1           100      0       0       5        0.0%
BANK1              100      0       0       6        0.0%
BITBANK2           100      0       0       7        0.0%
BANK2              100      0       0       8        0.0%
BITBANK3           100      0       0       9        0.0%
BANK3              100      0       0      10        0.0%
BITBANK4           100      0       0      11        0.0%
BANK4              100      0       0      12        0.0%
BANK5               EF      0       0      13        0.0%
ABS                  0      0       0      14        0.0%
BITBANK5            EF      0       0      15        0.0%
BIGRAM             5EE      0       0      16        0.0%
DATA                 0      0       0      17        0.0%
BITSFR_5             0      0       0     200        0.0%
SFR_5                0      0       0     200        0.0%
BITSFR_4             0      0       0     200        0.0%
SFR_4                0      0       0     200        0.0%
BITSFR_3             0      0       0     200        0.0%
SFR_3                0      0       0     200        0.0%
BITSFR_2             0      0       0     200        0.0%
SFR_2                0      0       0     200        0.0%
BITSFR_1             0      0       0     200        0.0%
SFR_1                0      0       0     200        0.0%
BITSFR               0      0       0     200        0.0%
SFR                  0      0       0     200        0.0%


Microchip Technology PIC18 Macro Assembler V1.43 build -156212558 
Symbol Table                                                                                   Thu Nov 30 17:21:07 2017

                     l40 7CD8                       l41 7CE8                       l42 7CE2  
                     l37 7C9A                       l38 7CBA                       l39 7CF6  
                     u60 7CAE                      l736 7CBA                      _RD0 007C18  
                    _PR2 000FCB             __CFG_CPD$OFF 000000             __CFG_LVP$OFF 000000  
           __CFG_WDT$OFF 000000                     _main 7C70            __CFG_BOREN$ON 000000  
                   start 0002             ___param_bank 000000                    ?_main 0001  
                  _T2CON 000FCA            __CFG_PWRT$OFF 000000       __size_of_PWM1_Init 0006  
     __size_of_PWM1_Duty 004A              ?_PWM1_Start 0001                    main@i 000B  
                  status 000FD8          __initialization 7C0E             __end_of_main 7D00  
                 ??_main 0005            __activetblptr 000000                   _CCPR1L 000FBE  
      __end_of_PWM1_Init 7C0E        __end_of_PWM1_Duty 7C70      __size_of_PWM1_Start 0012  
             __accesstop 0080  __end_of__initialization 7C0E            ___rparam_used 000001  
         __pcstackCOMRAM 0001                  _CCP1CON 000FBD             ??_PWM1_Start 0001  
                __Hparam 0000                  __Lparam 0000       __end_of_PWM1_Start 7C26  
                __pcinit 7C0E                  __ramtop 0600                  __ptext0 7C70  
                __ptext1 7C14                  __ptext2 7C08                  __ptext3 7C26  
   end_of_initialization 7C0E                _PWM1_Init 7C08                _PWM1_Duty 7C26  
              _TRISCbits 000F94                _TRISDbits 000F95               main@delay1 0007  
             main@delay2 0009              _CCP1CONbits 000FBD               ?_PWM1_Init 0001  
             ?_PWM1_Duty 0001      start_initialization 7C0E         __CFG_OSC$INTIO67 000000  
            ??_PWM1_Init 0005              ??_PWM1_Duty 0003            PWM1_Duty@duty 0001  
               __Hrparam 0000         PWM1_Init@setDuty 0001                 __Lrparam 0000  
          __size_of_main 0090                 main@turn 0005               _OSCCONbits 000FD3  
             _PWM1_Start 7C14  
